Arguments: 
  /usr/local/bin/node /mnt/c/Users/Kevin/AppData/Roaming/npm/node_modules/yarn/bin/yarn.js add @lit

PATH: 
  /home/qoobsweet/.rvm/gems/ruby-2.7.1/bin:/home/qoobsweet/.rvm/gems/ruby-2.7.1@global/bin:/home/qoobsweet/.rvm/rubies/ruby-2.7.1/bin:/home/qoobsweet/.local/bin:/usr/local/sbin:/usr/local/bin:/usr/sbin:/usr/bin:/sbin:/bin:/usr/games:/usr/local/games:/mnt/c/Program Files (x86)/Razer/ChromaBroadcast/bin:/mnt/c/Program Files/Razer/ChromaBroadcast/bin:/mnt/c/Python39/Scripts/:/mnt/c/Python39/:/mnt/c/Python38/Scripts/:/mnt/c/Python38/:/mnt/c/Program Files (x86)/Razer Chroma SDK/bin:/mnt/c/Program Files/Razer Chroma SDK/bin:/mnt/c/Windows/system32:/mnt/c/Windows:/mnt/c/Windows/System32/Wbem:/mnt/c/Windows/System32/WindowsPowerShell/v1.0/:/mnt/c/Windows/System32/OpenSSH/:/mnt/c/Program Files/NVIDIA Corporation/NVIDIA NvDLISR:/mnt/c/Program Files (x86)/NVIDIA Corporation/PhysX/Common:/mnt/c/Program Files/Microsoft SQL Server/130/Tools/Binn/:/mnt/c/Program Files/Microsoft SQL Server/Client SDK/ODBC/170/Tools/Binn/:/mnt/c/Users/Kevin/AppData/Local/Microsoft/WindowsApps:/mnt/c/ProgramData/chocolatey/bin:/mnt/c/Program Files/nodejs/:/mnt/c/Program Files/Git LFS:/mnt/c/Program Files/Git/cmd:/mnt/c/Program Files (x86)/Microsoft SQL Server/150/Tools/Binn/:/mnt/c/Program Files/Microsoft SQL Server/150/Tools/Binn/:/mnt/c/Program Files/Microsoft SQL Server/150/DTS/Binn/:/mnt/c/Program Files/PuTTY/:/mnt/c/WINDOWS/system32:/mnt/c/WINDOWS:/mnt/c/WINDOWS/System32/Wbem:/mnt/c/WINDOWS/System32/WindowsPowerShell/v1.0/:/mnt/c/WINDOWS/System32/OpenSSH/:/mnt/c/Program Files/dotnet/:/mnt/c/WINDOWS/system32/config/systemprofile/AppData/Local/Microsoft/WindowsApps:/mnt/c/Program Files (x86)/dotnet/:/mnt/c/Users/Kevin/AppData/Local/Programs/Python/Python39/Scripts/:/mnt/c/Users/Kevin/AppData/Local/Programs/Python/Python39/:/mnt/c/Users/Kevin/AppData/Local/Microsoft/WindowsApps:/mnt/c/Program Files/smartmontools/bin:/mnt/c/Users/Kevin/AppData/Local/Programs/Microsoft VS Code/bin:/mnt/c/Users/Kevin/AppData/Roaming/npm:/mnt/c/Users/Kevin/AppData/Local/GitHubDesktop/bin:/mnt/c/Users/Kevin/AppData/Local/Microsoft/WindowsApps:/mnt/c/Program Files/heroku/bin:/mnt/c/Users/Kevin/.dotnet/tools:/snap/bin:/home/qoobsweet/.rvm/bin:/home/qoobsweet/.rvm/bin

Yarn version: 
  1.22.10

Node version: 
  14.16.1

Platform: 
  linux x64

Trace: 
  Error: https://registry.yarnpkg.com/@lit: Request "https://registry.yarnpkg.com/@lit" returned a 405
      at Request.params.callback [as _callback] (/mnt/c/Users/Kevin/AppData/Roaming/npm/node_modules/yarn/lib/cli.js:66997:18)
      at Request.self.callback (/mnt/c/Users/Kevin/AppData/Roaming/npm/node_modules/yarn/lib/cli.js:140662:22)
      at Request.emit (events.js:315:20)
      at Request.<anonymous> (/mnt/c/Users/Kevin/AppData/Roaming/npm/node_modules/yarn/lib/cli.js:141634:10)
      at Request.emit (events.js:315:20)
      at IncomingMessage.<anonymous> (/mnt/c/Users/Kevin/AppData/Roaming/npm/node_modules/yarn/lib/cli.js:141556:12)
      at Object.onceWrapper (events.js:421:28)
      at IncomingMessage.emit (events.js:327:22)
      at endReadableNT (internal/streams/readable.js:1327:12)
      at processTicksAndRejections (internal/process/task_queues.js:80:21)

npm manifest: 
  {
    "dependencies": {
      "@fullcalendar/core": "^5.7.0",
      "@fullcalendar/daygrid": "^5.7.0",
      "@fullcalendar/interaction": "^5.7.0",
      "@fullcalendar/resource-timeline": "^5.7.0",
      "@fullcalendar/timegrid": "^5.7.0",
      "firebase": "^8.6.2",
      "lit": "^2.0.0-rc.2",
      "socket.io-client": "^4.1.2"
    },
    "author": "Kevin Alfano",
    "license": "ISC",
    "devDependencies": {
      "nodemon": "^2.0.7"
    }
  }

yarn manifest: 
  No manifest

Lockfile: 
  # THIS IS AN AUTOGENERATED FILE. DO NOT EDIT THIS FILE DIRECTLY.
  # yarn lockfile v1
  
  
  "@firebase/analytics-types@0.4.0":
    version "0.4.0"
    resolved "https://registry.yarnpkg.com/@firebase/analytics-types/-/analytics-types-0.4.0.tgz#d6716f9fa36a6e340bc0ecfe68af325aa6f60508"
    integrity sha512-Jj2xW+8+8XPfWGkv9HPv/uR+Qrmq37NPYT352wf7MvE9LrstpLVmFg3LqG6MCRr5miLAom5sen2gZ+iOhVDeRA==
  
  "@firebase/analytics@0.6.10":
    version "0.6.10"
    resolved "https://registry.yarnpkg.com/@firebase/analytics/-/analytics-0.6.10.tgz#e2438d57fa289d1f05ca1a2ea7aedee10501fc3e"
    integrity sha512-dLOAfeHYKkt1mhFNzrST6X0W5Og/VKhH7VP03YlUwz1STKtPve/KV32IynjMEBgnI6DC1NIAX3V0jYK6KBum4A==
    dependencies:
      "@firebase/analytics-types" "0.4.0"
      "@firebase/component" "0.5.0"
      "@firebase/installations" "0.4.26"
      "@firebase/logger" "0.2.6"
      "@firebase/util" "1.1.0"
      tslib "^2.1.0"
  
  "@firebase/app-check-interop-types@0.1.0":
    version "0.1.0"
    resolved "https://registry.yarnpkg.com/@firebase/app-check-interop-types/-/app-check-interop-types-0.1.0.tgz#83afd9d41f99166c2bdb2d824e5032e9edd8fe53"
    integrity sha512-uZfn9s4uuRsaX5Lwx+gFP3B6YsyOKUE+Rqa6z9ojT4VSRAsZFko9FRn6OxQUA1z5t5d08fY4pf+/+Dkd5wbdbA==
  
  "@firebase/app-check-types@0.1.0":
    version "0.1.0"
    resolved "https://registry.yarnpkg.com/@firebase/app-check-types/-/app-check-types-0.1.0.tgz#75602650c5f118891834280b72addcac513c4b7d"
    integrity sha512-jf92QzVkj9ulyp/K01h/GpVYNSjuk6DP9nHkq4AUyM+35e96cl9gL3+qOTD0//5CVfrWjRo7+lbVlW2OpG/JDQ==
  
  "@firebase/app-check@0.1.1":
    version "0.1.1"
    resolved "https://registry.yarnpkg.com/@firebase/app-check/-/app-check-0.1.1.tgz#26c15df13048a86c025590f8b8b579f3f9b8b99c"
    integrity sha512-nBNiyhbCBpaVfVNjwGor+f0LZkn5kf1QRdMPbRyZUJG6BjTByMhNmbezEaCWNO0MNBhsNqYqiXUivHJU4A3+2Q==
    dependencies:
      "@firebase/app-check-interop-types" "0.1.0"
      "@firebase/app-check-types" "0.1.0"
      "@firebase/component" "0.5.0"
      "@firebase/logger" "0.2.6"
      "@firebase/util" "1.1.0"
      tslib "^2.1.0"
  
  "@firebase/app-types@0.6.2":
    version "0.6.2"
    resolved "https://registry.yarnpkg.com/@firebase/app-types/-/app-types-0.6.2.tgz#8578cb1061a83ced4570188be9e225d54e0f27fb"
    integrity sha512-2VXvq/K+n8XMdM4L2xy5bYp2ZXMawJXluUIDzUBvMthVR+lhxK4pfFiqr1mmDbv9ydXvEAuFsD+6DpcZuJcSSw==
  
  "@firebase/app@0.6.22":
    version "0.6.22"
    resolved "https://registry.yarnpkg.com/@firebase/app/-/app-0.6.22.tgz#099f51d2c4302d2c99da82994cd176b5a568cfcc"
    integrity sha512-9E0KP7Z+LpBOx/oQauLYvf3XleYpbfoi058wStADUtP+eOX5GIImAFNDTOO4ZNuJfLgyrHpKi7Cct6mDdxrz+g==
    dependencies:
      "@firebase/app-types" "0.6.2"
      "@firebase/component" "0.5.0"
      "@firebase/logger" "0.2.6"
      "@firebase/util" "1.1.0"
      dom-storage "2.1.0"
      tslib "^2.1.0"
      xmlhttprequest "1.8.0"
  
  "@firebase/auth-interop-types@0.1.6":
    version "0.1.6"
    resolved "https://registry.yarnpkg.com/@firebase/auth-interop-types/-/auth-interop-types-0.1.6.tgz#5ce13fc1c527ad36f1bb1322c4492680a6cf4964"
    integrity sha512-etIi92fW3CctsmR9e3sYM3Uqnoq861M0Id9mdOPF6PWIg38BXL5k4upCNBggGUpLIS0H1grMOvy/wn1xymwe2g==
  
  "@firebase/auth-types@0.10.3":
    version "0.10.3"
    resolved "https://registry.yarnpkg.com/@firebase/auth-types/-/auth-types-0.10.3.tgz#2be7dd93959c8f5304c63e09e98718e103464d8c"
    integrity sha512-zExrThRqyqGUbXOFrH/sowuh2rRtfKHp9SBVY2vOqKWdCX1Ztn682n9WLtlUDsiYVIbBcwautYWk2HyCGFv0OA==
  
  "@firebase/auth@0.16.6":
    version "0.16.6"
    resolved "https://registry.yarnpkg.com/@firebase/auth/-/auth-0.16.6.tgz#0fc7a11561b939865fd486cd1909a3e81742fd82"
    integrity sha512-1Lj3AY40Z2weCK6FuJqUEkeVJpRaaCo1LT6P5s3VIR99PDYLHeMm2m02rBaskE7ralJA975Vkv7sHrpykRfDrA==
    dependencies:
      "@firebase/auth-types" "0.10.3"
  
  "@firebase/component@0.5.0":
    version "0.5.0"
    resolved "https://registry.yarnpkg.com/@firebase/component/-/component-0.5.0.tgz#f5b577d6c6f78d0f12fdc45046108921507f49c9"
    integrity sha512-v18csWtXb0ri+3m7wuGLY/UDgcb89vuMlZGQ//+7jEPLIQeLbylvZhol1uzW9WzoOpxMxOS2W5qyVGX36wZvEA==
    dependencies:
      "@firebase/util" "1.1.0"
      tslib "^2.1.0"
  
  "@firebase/database-types@0.7.2":
    version "0.7.2"
    resolved "https://registry.yarnpkg.com/@firebase/database-types/-/database-types-0.7.2.tgz#449c4b36ec59a1ad9089797b540e2ba1c0d4fcbf"
    integrity sha512-cdAd/dgwvC0r3oLEDUR+ULs1vBsEvy0b27nlzKhU6LQgm9fCDzgaH9nFGv8x+S9dly4B0egAXkONkVoWcOAisg==
    dependencies:
      "@firebase/app-types" "0.6.2"
  
  "@firebase/database@0.10.1":
    version "0.10.1"
    resolved "https://registry.yarnpkg.com/@firebase/database/-/database-0.10.1.tgz#1e8c64519552f225a4a88e7dae09ecf29447f2be"
    integrity sha512-umT0kynJKc5VpVBOg3+YTDzdJORssh+QqPjoHfbSvtmgZizNiV8mgmKRcDhlVM6CisPb6v5xBn9l8JbK/WRQ1Q==
    dependencies:
      "@firebase/auth-interop-types" "0.1.6"
      "@firebase/component" "0.5.0"
      "@firebase/database-types" "0.7.2"
      "@firebase/logger" "0.2.6"
      "@firebase/util" "1.1.0"
      faye-websocket "0.11.3"
      tslib "^2.1.0"
  
  "@firebase/firestore-types@2.3.0":
    version "2.3.0"
    resolved "https://registry.yarnpkg.com/@firebase/firestore-types/-/firestore-types-2.3.0.tgz#baf5c9470ba8be96bf0d76b83b413f03104cf565"
    integrity sha512-QTW7NP7nDL0pgT/X53lyj+mIMh4nRQBBTBlRNQBt7eSyeqBf3ag3bxdQhCg358+5KbjYTC2/O6QtX9DlJZmh1A==
  
  "@firebase/firestore@2.3.1":
    version "2.3.1"
    resolved "https://registry.yarnpkg.com/@firebase/firestore/-/firestore-2.3.1.tgz#b0c3ff842b4b11e9888cada6e9b421eb9797c5c3"
    integrity sha512-8xQB8o8OmmecXLWwGUbH2V2GifsR3hh/HBgcS0i6OyMYcXb3guZiX6dSbBlSDkak13NNxlSo7R6168aKB/8x7g==
    dependencies:
      "@firebase/component" "0.5.0"
      "@firebase/firestore-types" "2.3.0"
      "@firebase/logger" "0.2.6"
      "@firebase/util" "1.1.0"
      "@firebase/webchannel-wrapper" "0.4.1"
      "@grpc/grpc-js" "^1.0.0"
      "@grpc/proto-loader" "^0.5.0"
      node-fetch "2.6.1"
      tslib "^2.1.0"
  
  "@firebase/functions-types@0.4.0":
    version "0.4.0"
    resolved "https://registry.yarnpkg.com/@firebase/functions-types/-/functions-types-0.4.0.tgz#0b789f4fe9a9c0b987606c4da10139345b40f6b9"
    integrity sha512-3KElyO3887HNxtxNF1ytGFrNmqD+hheqjwmT3sI09FaDCuaxGbOnsXAXH2eQ049XRXw9YQpHMgYws/aUNgXVyQ==
  
  "@firebase/functions@0.6.9":
    version "0.6.9"
    resolved "https://registry.yarnpkg.com/@firebase/functions/-/functions-0.6.9.tgz#6e38c9aa411949d8697bf662bb8da8a0837addae"
    integrity sha512-WgrT3EG+O70pYpX2KQM2S2Is2WJbKE6XImoloMglIqiaquOCXNR9LUVbGPWQr7qEqY+QojfTgF/bGH0awqm2KA==
    dependencies:
      "@firebase/component" "0.5.0"
      "@firebase/functions-types" "0.4.0"
      "@firebase/messaging-types" "0.5.0"
      node-fetch "2.6.1"
      tslib "^2.1.0"
  
  "@firebase/installations-types@0.3.4":
    version "0.3.4"
    resolved "https://registry.yarnpkg.com/@firebase/installations-types/-/installations-types-0.3.4.tgz#589a941d713f4f64bf9f4feb7f463505bab1afa2"
    integrity sha512-RfePJFovmdIXb6rYwtngyxuEcWnOrzdZd9m7xAW0gRxDIjBT20n3BOhjpmgRWXo/DAxRmS7bRjWAyTHY9cqN7Q==
  
  "@firebase/installations@0.4.26":
    version "0.4.26"
    resolved "https://registry.yarnpkg.com/@firebase/installations/-/installations-0.4.26.tgz#34133944123d92077674dcec81e32b4fccd92021"
    integrity sha512-bHc6jlV8p1cX+GK38key4BooeZZ42//nKPmf3POWren0bACjnfHJuMnOBDuyw22ss3z6wUdiFNQjeUxvD4btGg==
    dependencies:
      "@firebase/component" "0.5.0"
      "@firebase/installations-types" "0.3.4"
      "@firebase/util" "1.1.0"
      idb "3.0.2"
      tslib "^2.1.0"
  
  "@firebase/logger@0.2.6":
    version "0.2.6"
    resolved "https://registry.yarnpkg.com/@firebase/logger/-/logger-0.2.6.tgz#3aa2ca4fe10327cabf7808bd3994e88db26d7989"
    integrity sha512-KIxcUvW/cRGWlzK9Vd2KB864HlUnCfdTH0taHE0sXW5Xl7+W68suaeau1oKNEqmc3l45azkd4NzXTCWZRZdXrw==
  
  "@firebase/messaging-types@0.5.0":
    version "0.5.0"
    resolved "https://registry.yarnpkg.com/@firebase/messaging-types/-/messaging-types-0.5.0.tgz#c5d0ef309ced1758fda93ef3ac70a786de2e73c4"
    integrity sha512-QaaBswrU6umJYb/ZYvjR5JDSslCGOH6D9P136PhabFAHLTR4TWjsaACvbBXuvwrfCXu10DtcjMxqfhdNIB1Xfg==
  
  "@firebase/messaging@0.7.10":
    version "0.7.10"
    resolved "https://registry.yarnpkg.com/@firebase/messaging/-/messaging-0.7.10.tgz#a46fb689d7feed46b2112cb08dd44993c6ceecec"
    integrity sha512-Z5ui3kc1GbPf2+kwNvr0HjguBbi0xTkR7/BHodHHGpz0ycuY/J2/Cl9SgwhEuB52kme4ca9sKwV1g0Ln2/iARw==
    dependencies:
      "@firebase/component" "0.5.0"
      "@firebase/installations" "0.4.26"
      "@firebase/messaging-types" "0.5.0"
      "@firebase/util" "1.1.0"
      idb "3.0.2"
      tslib "^2.1.0"
  
  "@firebase/performance-types@0.0.13":
    version "0.0.13"
    resolved "https://registry.yarnpkg.com/@firebase/performance-types/-/performance-types-0.0.13.tgz#58ce5453f57e34b18186f74ef11550dfc558ede6"
    integrity sha512-6fZfIGjQpwo9S5OzMpPyqgYAUZcFzZxHFqOyNtorDIgNXq33nlldTL/vtaUZA8iT9TT5cJlCrF/jthKU7X21EA==
  
  "@firebase/performance@0.4.12":
    version "0.4.12"
    resolved "https://registry.yarnpkg.com/@firebase/performance/-/performance-0.4.12.tgz#fe4068ad29682d127e4ef1efc6dcca7c68f3ac39"
    integrity sha512-dFV0OR5IpHZwfOLFkEZuUVFmaJQresmS5G4UNFGk1E0VwU4feZ3roq75dJVYehclJxmbzgMM9M/U1bZ1/9wt3g==
    dependencies:
      "@firebase/component" "0.5.0"
      "@firebase/installations" "0.4.26"
      "@firebase/logger" "0.2.6"
      "@firebase/performance-types" "0.0.13"
      "@firebase/util" "1.1.0"
      tslib "^2.1.0"
  
  "@firebase/polyfill@0.3.36":
    version "0.3.36"
    resolved "https://registry.yarnpkg.com/@firebase/polyfill/-/polyfill-0.3.36.tgz#c057cce6748170f36966b555749472b25efdb145"
    integrity sha512-zMM9oSJgY6cT2jx3Ce9LYqb0eIpDE52meIzd/oe/y70F+v9u1LDqk5kUF5mf16zovGBWMNFmgzlsh6Wj0OsFtg==
    dependencies:
      core-js "3.6.5"
      promise-polyfill "8.1.3"
      whatwg-fetch "2.0.4"
  
  "@firebase/remote-config-types@0.1.9":
    version "0.1.9"
    resolved "https://registry.yarnpkg.com/@firebase/remote-config-types/-/remote-config-types-0.1.9.tgz#fe6bbe4d08f3b6e92fce30e4b7a9f4d6a96d6965"
    integrity sha512-G96qnF3RYGbZsTRut7NBX0sxyczxt1uyCgXQuH/eAfUCngxjEGcZQnBdy6mvSdqdJh5mC31rWPO4v9/s7HwtzA==
  
  "@firebase/remote-config@0.1.37":
    version "0.1.37"
    resolved "https://registry.yarnpkg.com/@firebase/remote-config/-/remote-config-0.1.37.tgz#b79fe81231d3ca1325836a8aa9756cb7aa587d3a"
    integrity sha512-SYjDOsEoUeqX1CYnUtXqVtM8MpVm2qx2Dp8NLRlLcPp/FieEza/mjRNVHBojMKuFjmyQp/RdPG8R0I9xDJ4PsQ==
    dependencies:
      "@firebase/component" "0.5.0"
      "@firebase/installations" "0.4.26"
      "@firebase/logger" "0.2.6"
      "@firebase/remote-config-types" "0.1.9"
      "@firebase/util" "1.1.0"
      tslib "^2.1.0"
  
  "@firebase/storage-types@0.4.1":
    version "0.4.1"
    resolved "https://registry.yarnpkg.com/@firebase/storage-types/-/storage-types-0.4.1.tgz#da6582ae217e3db485c90075dc71100ca5064cc6"
    integrity sha512-IM4cRzAnQ6QZoaxVZ5MatBzqXVcp47hOlE28jd9xXw1M9V7gfjhmW0PALGFQx58tPVmuUwIKyoEbHZjV4qRJwQ==
  
  "@firebase/storage@0.5.2":
    version "0.5.2"
    resolved "https://registry.yarnpkg.com/@firebase/storage/-/storage-0.5.2.tgz#146cb4c7838c6e3602b32a43786dcabd16f668fb"
    integrity sha512-D2lZixL6E2iXE4jObtlA3UnAbcMd3657erotiuZt5ap95m1fogiPV/gIq3KLIaT5sFdfbbDQn9mm6hVKhobYHA==
    dependencies:
      "@firebase/component" "0.5.0"
      "@firebase/storage-types" "0.4.1"
      "@firebase/util" "1.1.0"
      tslib "^2.1.0"
  
  "@firebase/util@1.1.0":
    version "1.1.0"
    resolved "https://registry.yarnpkg.com/@firebase/util/-/util-1.1.0.tgz#add2d57d0b2307a932520abdee303b66be0ac8b0"
    integrity sha512-lfuSASuPKNdfebuFR8rjFamMQUPH9iiZHcKS755Rkm/5gRT0qC7BMhCh3ZkHf7NVbplzIc/GhmX2jM+igDRCag==
    dependencies:
      tslib "^2.1.0"
  
  "@firebase/webchannel-wrapper@0.4.1":
    version "0.4.1"
    resolved "https://registry.yarnpkg.com/@firebase/webchannel-wrapper/-/webchannel-wrapper-0.4.1.tgz#600f2275ff54739ad5ac0102f1467b8963cd5f71"
    integrity sha512-0yPjzuzGMkW1GkrC8yWsiN7vt1OzkMIi9HgxRmKREZl2wnNPOKo/yScTjXf/O57HM8dltqxPF6jlNLFVtc2qdw==
  
  "@fullcalendar/common@~5.7.0":
    version "5.7.0"
    resolved "https://registry.yarnpkg.com/@fullcalendar/common/-/common-5.7.0.tgz#fe83f6dbf631c4170654386e9b522ee85c2c064b"
    integrity sha512-8zKa4q9cQ5xjuAyN0d8AlpCrEC9Kmar5Oq3iMcPbPIO2AtNXTvifzCG44VIgm3/skjDBZ/wYvjJyyB+4WdmT6g==
    dependencies:
      tslib "^2.0.3"
  
  "@fullcalendar/core@^5.7.0":
    version "5.7.0"
    resolved "https://registry.yarnpkg.com/@fullcalendar/core/-/core-5.7.0.tgz#ebeb93258e6ff41c758c954f82a25147fd9b7189"
    integrity sha512-V9kNy/fgZLMPNarS1Eav3WUZIhdyzanYJPWTTxycCT/AiTxyw+RyinowhR9qnv3ZnUTMrZzCAplMT0HKdRFfnA==
    dependencies:
      "@fullcalendar/common" "~5.7.0"
      preact "^10.0.5"
      tslib "^2.0.3"
  
  "@fullcalendar/daygrid@^5.7.0", "@fullcalendar/daygrid@~5.7.0":
    version "5.7.0"
    resolved "https://registry.yarnpkg.com/@fullcalendar/daygrid/-/daygrid-5.7.0.tgz#a98ad53aec22e18e0896967223d01490ea031938"
    integrity sha512-K/0A1XIcf527Q18Hg4eMXCdZwd9AkkfrOqm/rtzULnM5cRkd2oaHOksdrQ5V0kGHAQeV96sp9OCg8PPBrdlBoQ==
    dependencies:
      "@fullcalendar/common" "~5.7.0"
      tslib "^2.0.3"
  
  "@fullcalendar/interaction@^5.7.0":
    version "5.7.0"
    resolved "https://registry.yarnpkg.com/@fullcalendar/interaction/-/interaction-5.7.0.tgz#856073b32f230f501f14d03bc30d971f82066c38"
    integrity sha512-GSIMP+b+fN6DZQ6VFkoZvLX94r3o5MmCMRvHfUVWx4XcOF1T1rytcKtPpLv/7HQJpXwX7LAQXEJnywBcXUTbXQ==
    dependencies:
      "@fullcalendar/common" "~5.7.0"
      tslib "^2.0.3"
  
  "@fullcalendar/premium-common@~5.7.0":
    version "5.7.0"
    resolved "https://registry.yarnpkg.com/@fullcalendar/premium-common/-/premium-common-5.7.0.tgz#d48bd6f5db83e894a059e332e303b7abbea74d4f"
    integrity sha512-RWQEh1wIFpRZErxJjKYZRo3DzXhgJEFWrQBG+41wZUlAr/+F65Uwg0wtpCRMsVTMWrcxT0yVBv7O2rLeZU8dKQ==
    dependencies:
      "@fullcalendar/common" "~5.7.0"
      tslib "^2.0.3"
  
  "@fullcalendar/resource-common@~5.7.0":
    version "5.7.0"
    resolved "https://registry.yarnpkg.com/@fullcalendar/resource-common/-/resource-common-5.7.0.tgz#92bd732170a9ecf317dbb59a0978be0f7ca2427a"
    integrity sha512-gMrV5iNL9crUuxhs1fL4E4qkgBfAO031Zf/vcXLXtwGU88qpUyAU+oCvehlf9LiijTlSO0fxiaITsLrGrryOoQ==
    dependencies:
      "@fullcalendar/common" "~5.7.0"
      "@fullcalendar/premium-common" "~5.7.0"
      tslib "^2.0.3"
  
  "@fullcalendar/resource-timeline@^5.7.0":
    version "5.7.0"
    resolved "https://registry.yarnpkg.com/@fullcalendar/resource-timeline/-/resource-timeline-5.7.0.tgz#f8c97c52d954b005a1d531828aa2eb37ab0d0fcc"
    integrity sha512-kaN4qprxnrYvyNXm+vG1gQSnUEQ/48DOhnPm3jC+3vPrMQxoDjKGFDTmvU0PAOJ+se2N53Q3vZ9GXNTYnIOFnQ==
    dependencies:
      "@fullcalendar/common" "~5.7.0"
      "@fullcalendar/premium-common" "~5.7.0"
      "@fullcalendar/resource-common" "~5.7.0"
      "@fullcalendar/scrollgrid" "~5.7.0"
      "@fullcalendar/timeline" "~5.7.0"
      tslib "^2.0.3"
  
  "@fullcalendar/scrollgrid@~5.7.0":
    version "5.7.0"
    resolved "https://registry.yarnpkg.com/@fullcalendar/scrollgrid/-/scrollgrid-5.7.0.tgz#9cf30096b6fc113272be201cfcef499804dd8817"
    integrity sha512-eJUuYBNDY9KeV68JumnmzsK2NnLEqIkbabKo5cuIGmGWflr+okTsCNFscdT6BzclT5pNsguy1pUnQrD4s7KVAQ==
    dependencies:
      "@fullcalendar/common" "~5.7.0"
      "@fullcalendar/premium-common" "~5.7.0"
      tslib "^2.0.3"
  
  "@fullcalendar/timegrid@^5.7.0":
    version "5.7.0"
    resolved "https://registry.yarnpkg.com/@fullcalendar/timegrid/-/timegrid-5.7.0.tgz#8c4d4ec305d8a3eeefe829adcacd7ca6e170c5fb"
    integrity sha512-CTDkrqllYZyICd75MeGUJ45e4EC8SZsSwDN6DtUD5wPTfQW2j8vGX89iy/yEnhNUi8yzWe70St95vGFo1IeakQ==
    dependencies:
      "@fullcalendar/common" "~5.7.0"
      "@fullcalendar/daygrid" "~5.7.0"
      tslib "^2.0.3"
  
  "@fullcalendar/timeline@~5.7.0":
    version "5.7.0"
    resolved "https://registry.yarnpkg.com/@fullcalendar/timeline/-/timeline-5.7.0.tgz#f66eb90818199dfb78a6e8abf9045767fd2d65c0"
    integrity sha512-pBcp5kG84Tbp1Iz9fEgCRTGmAKlXQ8uCX5ucWpFEIzsCWIzotBXhyD2jBZty1JRbBNbNItbfgCuvfYLpRkwXaA==
    dependencies:
      "@fullcalendar/common" "~5.7.0"
      "@fullcalendar/premium-common" "~5.7.0"
      "@fullcalendar/scrollgrid" "~5.7.0"
      tslib "^2.0.3"
  
  "@grpc/grpc-js@^1.0.0":
    version "1.3.2"
    resolved "https://registry.yarnpkg.com/@grpc/grpc-js/-/grpc-js-1.3.2.tgz#eae97e6daf5abd49a7818aadeca0744dfb1ebca1"
    integrity sha512-UXepkOKCATJrhHGsxt+CGfpZy9zUn1q9mop5kfcXq1fBkTePxVNPOdnISlCbJFlCtld+pSLGyZCzr9/zVprFKA==
    dependencies:
      "@types/node" ">=12.12.47"
  
  "@grpc/proto-loader@^0.5.0":
    version "0.5.6"
    resolved "https://registry.yarnpkg.com/@grpc/proto-loader/-/proto-loader-0.5.6.tgz#1dea4b8a6412b05e2d58514d507137b63a52a98d"
    integrity sha512-DT14xgw3PSzPxwS13auTEwxhMMOoz33DPUKNtmYK/QYbBSpLXJy78FGGs5yVoxVobEqPm4iW9MOIoz0A3bLTRQ==
    dependencies:
      lodash.camelcase "^4.3.0"
      protobufjs "^6.8.6"
  
  "@lit/reactive-element@^1.0.0-rc.2":
    version "1.0.0-rc.2"
    resolved "https://registry.yarnpkg.com/@lit/reactive-element/-/reactive-element-1.0.0-rc.2.tgz#f24dba16ea571a08dca70f1783bd2ca5ec8de3ee"
    integrity sha512-cujeIl5Ei8FC7UHf4/4Q3bRJOtdTe1vpJV/JEBYCggedmQ+2P8A2oz7eE+Vxi6OJ4nc0X+KZxXnBoH4QrEbmEQ==
  
  "@protobufjs/aspromise@^1.1.1", "@protobufjs/aspromise@^1.1.2":
    version "1.1.2"
    resolved "https://registry.yarnpkg.com/@protobufjs/aspromise/-/aspromise-1.1.2.tgz#9b8b0cc663d669a7d8f6f5d0893a14d348f30fbf"
    integrity sha1-m4sMxmPWaafY9vXQiToU00jzD78=
  
  "@protobufjs/base64@^1.1.2":
    version "1.1.2"
    resolved "https://registry.yarnpkg.com/@protobufjs/base64/-/base64-1.1.2.tgz#4c85730e59b9a1f1f349047dbf24296034bb2735"
    integrity sha512-AZkcAA5vnN/v4PDqKyMR5lx7hZttPDgClv83E//FMNhR2TMcLUhfRUBHCmSl0oi9zMgDDqRUJkSxO3wm85+XLg==
  
  "@protobufjs/codegen@^2.0.4":
    version "2.0.4"
    resolved "https://registry.yarnpkg.com/@protobufjs/codegen/-/codegen-2.0.4.tgz#7ef37f0d010fb028ad1ad59722e506d9262815cb"
    integrity sha512-YyFaikqM5sH0ziFZCN3xDC7zeGaB/d0IUb9CATugHWbd1FRFwWwt4ld4OYMPWu5a3Xe01mGAULCdqhMlPl29Jg==
  
  "@protobufjs/eventemitter@^1.1.0":
    version "1.1.0"
    resolved "https://registry.yarnpkg.com/@protobufjs/eventemitter/-/eventemitter-1.1.0.tgz#355cbc98bafad5978f9ed095f397621f1d066b70"
    integrity sha1-NVy8mLr61ZePntCV85diHx0Ga3A=
  
  "@protobufjs/fetch@^1.1.0":
    version "1.1.0"
    resolved "https://registry.yarnpkg.com/@protobufjs/fetch/-/fetch-1.1.0.tgz#ba99fb598614af65700c1619ff06d454b0d84c45"
    integrity sha1-upn7WYYUr2VwDBYZ/wbUVLDYTEU=
    dependencies:
      "@protobufjs/aspromise" "^1.1.1"
      "@protobufjs/inquire" "^1.1.0"
  
  "@protobufjs/float@^1.0.2":
    version "1.0.2"
    resolved "https://registry.yarnpkg.com/@protobufjs/float/-/float-1.0.2.tgz#5e9e1abdcb73fc0a7cb8b291df78c8cbd97b87d1"
    integrity sha1-Xp4avctz/Ap8uLKR33jIy9l7h9E=
  
  "@protobufjs/inquire@^1.1.0":
    version "1.1.0"
    resolved "https://registry.yarnpkg.com/@protobufjs/inquire/-/inquire-1.1.0.tgz#ff200e3e7cf2429e2dcafc1140828e8cc638f089"
    integrity sha1-/yAOPnzyQp4tyvwRQIKOjMY48Ik=
  
  "@protobufjs/path@^1.1.2":
    version "1.1.2"
    resolved "https://registry.yarnpkg.com/@protobufjs/path/-/path-1.1.2.tgz#6cc2b20c5c9ad6ad0dccfd21ca7673d8d7fbf68d"
    integrity sha1-bMKyDFya1q0NzP0hynZz2Nf79o0=
  
  "@protobufjs/pool@^1.1.0":
    version "1.1.0"
    resolved "https://registry.yarnpkg.com/@protobufjs/pool/-/pool-1.1.0.tgz#09fd15f2d6d3abfa9b65bc366506d6ad7846ff54"
    integrity sha1-Cf0V8tbTq/qbZbw2ZQbWrXhG/1Q=
  
  "@protobufjs/utf8@^1.1.0":
    version "1.1.0"
    resolved "https://registry.yarnpkg.com/@protobufjs/utf8/-/utf8-1.1.0.tgz#a777360b5b39a1a2e5106f8e858f2fd2d060c570"
    integrity sha1-p3c2C1s5oaLlEG+OhY8v0tBgxXA=
  
  "@types/component-emitter@^1.2.10":
    version "1.2.10"
    resolved "https://registry.yarnpkg.com/@types/component-emitter/-/component-emitter-1.2.10.tgz#ef5b1589b9f16544642e473db5ea5639107ef3ea"
    integrity sha512-bsjleuRKWmGqajMerkzox19aGbscQX5rmmvvXl3wlIp5gMG1HgkiwPxsN5p070fBDKTNSPgojVbuY1+HWMbFhg==
  
  "@types/long@^4.0.1":
    version "4.0.1"
    resolved "https://registry.yarnpkg.com/@types/long/-/long-4.0.1.tgz#459c65fa1867dafe6a8f322c4c51695663cc55e9"
    integrity sha512-5tXH6Bx/kNGd3MgffdmP4dy2Z+G4eaXw0SE81Tq3BNadtnMR5/ySMzX4SLEzHJzSmPNn4HIdpQsBvXMUykr58w==
  
  "@types/node@>=12.12.47", "@types/node@>=13.7.0":
    version "15.6.0"
    resolved "https://registry.yarnpkg.com/@types/node/-/node-15.6.0.tgz#f0ddca5a61e52627c9dcb771a6039d44694597bc"
    integrity sha512-gCYSfQpy+LYhOFTKAeE8BkyGqaxmlFxe+n4DKM6DR0wzw/HISUE/hAmkC/KT8Sw5PCJblqg062b3z9gucv3k0A==
  
  "@types/trusted-types@^1.0.1":
    version "1.0.6"
    resolved "https://registry.yarnpkg.com/@types/trusted-types/-/trusted-types-1.0.6.tgz#569b8a08121d3203398290d602d84d73c8dcf5da"
    integrity sha512-230RC8sFeHoT6sSUlRO6a8cAnclO06eeiq1QDfiv2FGCLWFvvERWgwIQD4FWqD9A69BN7Lzee4OXwoMVnnsWDw==
  
  backo2@~1.0.2:
    version "1.0.2"
    resolved "https://registry.yarnpkg.com/backo2/-/backo2-1.0.2.tgz#31ab1ac8b129363463e35b3ebb69f4dfcfba7947"
    integrity sha1-MasayLEpNjRj41s+u2n038+6eUc=
  
  base64-arraybuffer@0.1.4:
    version "0.1.4"
    resolved "https://registry.yarnpkg.com/base64-arraybuffer/-/base64-arraybuffer-0.1.4.tgz#9818c79e059b1355f97e0428a017c838e90ba812"
    integrity sha1-mBjHngWbE1X5fgQooBfIOOkLqBI=
  
  component-emitter@~1.3.0:
    version "1.3.0"
    resolved "https://registry.yarnpkg.com/component-emitter/-/component-emitter-1.3.0.tgz#16e4070fba8ae29b679f2215853ee181ab2eabc0"
    integrity sha512-Rd3se6QB+sO1TwqZjscQrurpEPIfO0/yYnSin6Q/rD3mOutHvUrCAhJub3r90uNb+SESBuE0QYoB90YdfatsRg==
  
  core-js@3.6.5:
    version "3.6.5"
    resolved "https://registry.yarnpkg.com/core-js/-/core-js-3.6.5.tgz#7395dc273af37fb2e50e9bd3d9fe841285231d1a"
    integrity sha512-vZVEEwZoIsI+vPEuoF9Iqf5H7/M3eeQqWlQnYa8FSKKePuYTf5MWnxb5SDAzCa60b3JBRS5g9b+Dq7b1y/RCrA==
  
  debug@~4.3.1:
    version "4.3.1"
    resolved "https://registry.yarnpkg.com/debug/-/debug-4.3.1.tgz#f0d229c505e0c6d8c49ac553d1b13dc183f6b2ee"
    integrity sha512-doEwdvm4PCeK4K3RQN2ZC2BYUBaxwLARCqZmMjtF8a51J2Rb0xpVloFRnCODwqjpwnAoao4pelN8l3RJdv3gRQ==
    dependencies:
      ms "2.1.2"
  
  dom-storage@2.1.0:
    version "2.1.0"
    resolved "https://registry.yarnpkg.com/dom-storage/-/dom-storage-2.1.0.tgz#00fb868bc9201357ea243c7bcfd3304c1e34ea39"
    integrity sha512-g6RpyWXzl0RR6OTElHKBl7nwnK87GUyZMYC7JWsB/IA73vpqK2K6LT39x4VepLxlSsWBFrPVLnsSR5Jyty0+2Q==
  
  engine.io-client@~5.1.1:
    version "5.1.1"
    resolved "https://registry.yarnpkg.com/engine.io-client/-/engine.io-client-5.1.1.tgz#f5c3aaaef1bdc9443aac6ffde48b3b2fb2dc56fc"
    integrity sha512-jPFpw2HLL0lhZ2KY0BpZhIJdleQcUO9W1xkIpo0h3d6s+5D6+EV/xgQw9qWOmymszv2WXef/6KUUehyxEKomlQ==
    dependencies:
      base64-arraybuffer "0.1.4"
      component-emitter "~1.3.0"
      debug "~4.3.1"
      engine.io-parser "~4.0.1"
      has-cors "1.1.0"
      parseqs "0.0.6"
      parseuri "0.0.6"
      ws "~7.4.2"
      yeast "0.1.2"
  
  engine.io-parser@~4.0.1:
    version "4.0.2"
    resolved "https://registry.yarnpkg.com/engine.io-parser/-/engine.io-parser-4.0.2.tgz#e41d0b3fb66f7bf4a3671d2038a154024edb501e"
    integrity sha512-sHfEQv6nmtJrq6TKuIz5kyEKH/qSdK56H/A+7DnAuUPWosnIZAS2NHNcPLmyjtY3cGS/MqJdZbUjW97JU72iYg==
    dependencies:
      base64-arraybuffer "0.1.4"
  
  faye-websocket@0.11.3:
    version "0.11.3"
    resolved "https://registry.yarnpkg.com/faye-websocket/-/faye-websocket-0.11.3.tgz#5c0e9a8968e8912c286639fde977a8b209f2508e"
    integrity sha512-D2y4bovYpzziGgbHYtGCMjlJM36vAl/y+xUyn1C+FVx8szd1E+86KwVw6XvYSzOP8iMpm1X0I4xJD+QtUb36OA==
    dependencies:
      websocket-driver ">=0.5.1"
  
  firebase@^8.6.2:
    version "8.6.2"
    resolved "https://registry.yarnpkg.com/firebase/-/firebase-8.6.2.tgz#af39d19cc9bbab2442b5ae3181c29c1e76a5c804"
    integrity sha512-U2FCBZ1D8qYfuSQ0SN0dGw59x08v5mHnYtDJiUMCoulbA2psk8AqmCT/aqJz8FDTQB87iPbAxGRXVnAozagM1Q==
    dependencies:
      "@firebase/analytics" "0.6.10"
      "@firebase/app" "0.6.22"
      "@firebase/app-check" "0.1.1"
      "@firebase/app-types" "0.6.2"
      "@firebase/auth" "0.16.6"
      "@firebase/database" "0.10.1"
      "@firebase/firestore" "2.3.1"
      "@firebase/functions" "0.6.9"
      "@firebase/installations" "0.4.26"
      "@firebase/messaging" "0.7.10"
      "@firebase/performance" "0.4.12"
      "@firebase/polyfill" "0.3.36"
      "@firebase/remote-config" "0.1.37"
      "@firebase/storage" "0.5.2"
      "@firebase/util" "1.1.0"
  
  has-cors@1.1.0:
    version "1.1.0"
    resolved "https://registry.yarnpkg.com/has-cors/-/has-cors-1.1.0.tgz#5e474793f7ea9843d1bb99c23eef49ff126fff39"
    integrity sha1-XkdHk/fqmEPRu5nCPu9J/xJv/zk=
  
  http-parser-js@>=0.5.1:
    version "0.5.3"
    resolved "https://registry.yarnpkg.com/http-parser-js/-/http-parser-js-0.5.3.tgz#01d2709c79d41698bb01d4decc5e9da4e4a033d9"
    integrity sha512-t7hjvef/5HEK7RWTdUzVUhl8zkEu+LlaE0IYzdMuvbSDipxBRpOn4Uhw8ZyECEa808iVT8XCjzo6xmYt4CiLZg==
  
  idb@3.0.2:
    version "3.0.2"
    resolved "https://registry.yarnpkg.com/idb/-/idb-3.0.2.tgz#c8e9122d5ddd40f13b60ae665e4862f8b13fa384"
    integrity sha512-+FLa/0sTXqyux0o6C+i2lOR0VoS60LU/jzUo5xjfY6+7sEEgy4Gz1O7yFBXvjd7N0NyIGWIRg8DcQSLEG+VSPw==
  
  lit-element@^3.0.0-rc.2:
    version "3.0.0-rc.2"
    resolved "https://registry.yarnpkg.com/lit-element/-/lit-element-3.0.0-rc.2.tgz#883d0b6fd7b846226d360699d1b713da5fc7e1b7"
    integrity sha512-2Z7DabJ3b5K+p5073vFjMODoaWqy5PIaI4y6ADKm+fCGc8OnX9fU9dMoUEBZjFpd/bEFR9PBp050tUtBnT9XTQ==
    dependencies:
      "@lit/reactive-element" "^1.0.0-rc.2"
      lit-html "^2.0.0-rc.3"
  
  lit-html@^2.0.0-rc.3:
    version "2.0.0-rc.3"
    resolved "https://registry.yarnpkg.com/lit-html/-/lit-html-2.0.0-rc.3.tgz#1c216e548630e18d3093d97f4e29563abce659af"
    integrity sha512-Y6P8LlAyQuqvzq6l/Nc4z5/P5M/rVLYKQIRxcNwSuGajK0g4kbcBFQqZmgvqKG+ak+dHZjfm2HUw9TF5N/pkCw==
    dependencies:
      "@types/trusted-types" "^1.0.1"
  
  lit@^2.0.0-rc.2:
    version "2.0.0-rc.2"
    resolved "https://registry.yarnpkg.com/lit/-/lit-2.0.0-rc.2.tgz#724a2d621aa098001d73bf7106f3a72b7b5948ef"
    integrity sha512-BOCuoJR04WaTV8UqTKk09cNcQA10Aq2LCcBOiHuF7TzWH5RNDsbCBP5QM9sLBSotGTXbDug/gFO08jq6TbyEtw==
    dependencies:
      "@lit/reactive-element" "^1.0.0-rc.2"
      lit-element "^3.0.0-rc.2"
      lit-html "^2.0.0-rc.3"
  
  lodash.camelcase@^4.3.0:
    version "4.3.0"
    resolved "https://registry.yarnpkg.com/lodash.camelcase/-/lodash.camelcase-4.3.0.tgz#b28aa6288a2b9fc651035c7711f65ab6190331a6"
    integrity sha1-soqmKIorn8ZRA1x3EfZathkDMaY=
  
  long@^4.0.0:
    version "4.0.0"
    resolved "https://registry.yarnpkg.com/long/-/long-4.0.0.tgz#9a7b71cfb7d361a194ea555241c92f7468d5bf28"
    integrity sha512-XsP+KhQif4bjX1kbuSiySJFNAehNxgLb6hPRGJ9QsUr8ajHkuXGdrHmFUTUUXhDwVX2R5bY4JNZEwbUiMhV+MA==
  
  ms@2.1.2:
    version "2.1.2"
    resolved "https://registry.yarnpkg.com/ms/-/ms-2.1.2.tgz#d09d1f357b443f493382a8eb3ccd183872ae6009"
    integrity sha512-sGkPx+VjMtmA6MX27oA4FBFELFCZZ4S4XqeGOXCv68tT+jb3vk/RyaKWP0PTKyWtmLSM0b+adUTEvbs1PEaH2w==
  
  node-fetch@2.6.1:
    version "2.6.1"
    resolved "https://registry.yarnpkg.com/node-fetch/-/node-fetch-2.6.1.tgz#045bd323631f76ed2e2b55573394416b639a0052"
    integrity sha512-V4aYg89jEoVRxRb2fJdAg8FHvI7cEyYdVAh94HH0UIK8oJxUfkjlDQN9RbMx+bEjP7+ggMiFRprSti032Oipxw==
  
  parseqs@0.0.6:
    version "0.0.6"
    resolved "https://registry.yarnpkg.com/parseqs/-/parseqs-0.0.6.tgz#8e4bb5a19d1cdc844a08ac974d34e273afa670d5"
    integrity sha512-jeAGzMDbfSHHA091hr0r31eYfTig+29g3GKKE/PPbEQ65X0lmMwlEoqmhzu0iztID5uJpZsFlUPDP8ThPL7M8w==
  
  parseuri@0.0.6:
    version "0.0.6"
    resolved "https://registry.yarnpkg.com/parseuri/-/parseuri-0.0.6.tgz#e1496e829e3ac2ff47f39a4dd044b32823c4a25a"
    integrity sha512-AUjen8sAkGgao7UyCX6Ahv0gIK2fABKmYjvP4xmy5JaKvcbTRueIqIPHLAfq30xJddqSE033IOMUSOMCcK3Sow==
  
  preact@^10.0.5:
    version "10.5.13"
    resolved "https://registry.yarnpkg.com/preact/-/preact-10.5.13.tgz#85f6c9197ecd736ce8e3bec044d08fd1330fa019"
    integrity sha512-q/vlKIGNwzTLu+jCcvywgGrt+H/1P/oIRSD6mV4ln3hmlC+Aa34C7yfPI4+5bzW8pONyVXYS7SvXosy2dKKtWQ==
  
  promise-polyfill@8.1.3:
    version "8.1.3"
    resolved "https://registry.yarnpkg.com/promise-polyfill/-/promise-polyfill-8.1.3.tgz#8c99b3cf53f3a91c68226ffde7bde81d7f904116"
    integrity sha512-MG5r82wBzh7pSKDRa9y+vllNHz3e3d4CNj1PQE4BQYxLme0gKYYBm9YENq+UkEikyZ0XbiGWxYlVw3Rl9O/U8g==
  
  protobufjs@^6.8.6:
    version "6.11.2"
    resolved "https://registry.yarnpkg.com/protobufjs/-/protobufjs-6.11.2.tgz#de39fabd4ed32beaa08e9bb1e30d08544c1edf8b"
    integrity sha512-4BQJoPooKJl2G9j3XftkIXjoC9C0Av2NOrWmbLWT1vH32GcSUHjM0Arra6UfTsVyfMAuFzaLucXn1sadxJydAw==
    dependencies:
      "@protobufjs/aspromise" "^1.1.2"
      "@protobufjs/base64" "^1.1.2"
      "@protobufjs/codegen" "^2.0.4"
      "@protobufjs/eventemitter" "^1.1.0"
      "@protobufjs/fetch" "^1.1.0"
      "@protobufjs/float" "^1.0.2"
      "@protobufjs/inquire" "^1.1.0"
      "@protobufjs/path" "^1.1.2"
      "@protobufjs/pool" "^1.1.0"
      "@protobufjs/utf8" "^1.1.0"
      "@types/long" "^4.0.1"
      "@types/node" ">=13.7.0"
      long "^4.0.0"
  
  safe-buffer@>=5.1.0:
    version "5.2.1"
    resolved "https://registry.yarnpkg.com/safe-buffer/-/safe-buffer-5.2.1.tgz#1eaf9fa9bdb1fdd4ec75f58f9cdb4e6b7827eec6"
    integrity sha512-rp3So07KcdmmKbGvgaNxQSJr7bGVSVk5S9Eq1F+ppbRo70+YeaDxkw5Dd8NPN+GD6bjnYm2VuPuCXmpuYvmCXQ==
  
  socket.io-client@^4.1.2:
    version "4.1.2"
    resolved "https://registry.yarnpkg.com/socket.io-client/-/socket.io-client-4.1.2.tgz#95ad7113318ea01fba0860237b96d71e1b1fd2eb"
    integrity sha512-RDpWJP4DQT1XeexmeDyDkm0vrFc0+bUsHDKiVGaNISJvJonhQQOMqV9Vwfg0ZpPJ27LCdan7iqTI92FRSOkFWQ==
    dependencies:
      "@types/component-emitter" "^1.2.10"
      backo2 "~1.0.2"
      component-emitter "~1.3.0"
      debug "~4.3.1"
      engine.io-client "~5.1.1"
      parseuri "0.0.6"
      socket.io-parser "~4.0.4"
  
  socket.io-parser@~4.0.4:
    version "4.0.4"
    resolved "https://registry.yarnpkg.com/socket.io-parser/-/socket.io-parser-4.0.4.tgz#9ea21b0d61508d18196ef04a2c6b9ab630f4c2b0"
    integrity sha512-t+b0SS+IxG7Rxzda2EVvyBZbvFPBCjJoyHuE0P//7OAsN23GItzDRdWa6ALxZI/8R5ygK7jAR6t028/z+7295g==
    dependencies:
      "@types/component-emitter" "^1.2.10"
      component-emitter "~1.3.0"
      debug "~4.3.1"
  
  tslib@^2.0.3, tslib@^2.1.0:
    version "2.2.0"
    resolved "https://registry.yarnpkg.com/tslib/-/tslib-2.2.0.tgz#fb2c475977e35e241311ede2693cee1ec6698f5c"
    integrity sha512-gS9GVHRU+RGn5KQM2rllAlR3dU6m7AcpJKdtH8gFvQiC4Otgk98XnmMU+nZenHt/+VhnBPWwgrJsyrdcw6i23w==
  
  websocket-driver@>=0.5.1:
    version "0.7.4"
    resolved "https://registry.yarnpkg.com/websocket-driver/-/websocket-driver-0.7.4.tgz#89ad5295bbf64b480abcba31e4953aca706f5760"
    integrity sha512-b17KeDIQVjvb0ssuSDF2cYXSg2iztliJ4B9WdsuB6J952qCPKmnVq4DyW5motImXHDC1cBT/1UezrJVsKw5zjg==
    dependencies:
      http-parser-js ">=0.5.1"
      safe-buffer ">=5.1.0"
      websocket-extensions ">=0.1.1"
  
  websocket-extensions@>=0.1.1:
    version "0.1.4"
    resolved "https://registry.yarnpkg.com/websocket-extensions/-/websocket-extensions-0.1.4.tgz#7f8473bc839dfd87608adb95d7eb075211578a42"
    integrity sha512-OqedPIGOfsDlo31UNwYbCFMSaO9m9G/0faIHj5/dZFDMFqPTcx6UwqyOy3COEaEOg/9VsGIpdqn62W5KhoKSpg==
  
  whatwg-fetch@2.0.4:
    version "2.0.4"
    resolved "https://registry.yarnpkg.com/whatwg-fetch/-/whatwg-fetch-2.0.4.tgz#dde6a5df315f9d39991aa17621853d720b85566f"
    integrity sha512-dcQ1GWpOD/eEQ97k66aiEVpNnapVj90/+R+SXTPYGHpYBBypfKJEQjLrvMZ7YXbKm21gXd4NcuxUTjiv1YtLng==
  
  ws@~7.4.2:
    version "7.4.5"
    resolved "https://registry.yarnpkg.com/ws/-/ws-7.4.5.tgz#a484dd851e9beb6fdb420027e3885e8ce48986c1"
    integrity sha512-xzyu3hFvomRfXKH8vOFMU3OguG6oOvhXMo3xsGy3xWExqaM2dxBbVxuD99O7m3ZUFMvvscsZDqxfgMaRr/Nr1g==
  
  xmlhttprequest@1.8.0:
    version "1.8.0"
    resolved "https://registry.yarnpkg.com/xmlhttprequest/-/xmlhttprequest-1.8.0.tgz#67fe075c5c24fef39f9d65f5f7b7fe75171968fc"
    integrity sha1-Z/4HXFwk/vOfnWX197f+dRcZaPw=
  
  yeast@0.1.2:
    version "0.1.2"
    resolved "https://registry.yarnpkg.com/yeast/-/yeast-0.1.2.tgz#008e06d8094320c372dbc2f8ed76a0ca6c8ac419"
    integrity sha1-AI4G2AlDIMNy28L47XagymyKxBk=
