Arguments: 
  /usr/bin/node /mnt/c/Users/Kevin/AppData/Roaming/npm/node_modules/yarn/bin/yarn.js watch

PATH: 
  /home/qoobsweet/.rvm/gems/ruby-2.7.1/bin:/home/qoobsweet/.rvm/gems/ruby-2.7.1@global/bin:/home/qoobsweet/.rvm/rubies/ruby-2.7.1/bin:/home/qoobsweet/.local/bin:/usr/local/sbin:/usr/local/bin:/usr/sbin:/usr/bin:/sbin:/bin:/usr/games:/usr/local/games:/mnt/c/Program Files (x86)/Razer/ChromaBroadcast/bin:/mnt/c/Program Files/Razer/ChromaBroadcast/bin:/mnt/c/Python39/Scripts/:/mnt/c/Python39/:/mnt/c/Python38/Scripts/:/mnt/c/Python38/:/mnt/c/Program Files (x86)/Razer Chroma SDK/bin:/mnt/c/Program Files/Razer Chroma SDK/bin:/mnt/c/Windows/system32:/mnt/c/Windows:/mnt/c/Windows/System32/Wbem:/mnt/c/Windows/System32/WindowsPowerShell/v1.0/:/mnt/c/Windows/System32/OpenSSH/:/mnt/c/Program Files/NVIDIA Corporation/NVIDIA NvDLISR:/mnt/c/Program Files (x86)/NVIDIA Corporation/PhysX/Common:/mnt/c/Program Files/Microsoft SQL Server/130/Tools/Binn/:/mnt/c/Program Files/Microsoft SQL Server/Client SDK/ODBC/170/Tools/Binn/:/mnt/c/Users/Kevin/AppData/Local/Microsoft/WindowsApps:/mnt/c/ProgramData/chocolatey/bin:/mnt/c/Program Files/nodejs/:/mnt/c/Program Files/Git LFS:/mnt/c/Program Files/Git/cmd:/mnt/c/Program Files (x86)/Microsoft SQL Server/150/Tools/Binn/:/mnt/c/Program Files/Microsoft SQL Server/150/Tools/Binn/:/mnt/c/Program Files/Microsoft SQL Server/150/DTS/Binn/:/mnt/c/Program Files/PuTTY/:/mnt/c/WINDOWS/system32:/mnt/c/WINDOWS:/mnt/c/WINDOWS/System32/Wbem:/mnt/c/WINDOWS/System32/WindowsPowerShell/v1.0/:/mnt/c/WINDOWS/System32/OpenSSH/:/mnt/c/Program Files/dotnet/:/mnt/c/WINDOWS/system32/config/systemprofile/AppData/Local/Microsoft/WindowsApps:/mnt/c/Program Files (x86)/dotnet/:/mnt/c/Users/Kevin/AppData/Local/Programs/Python/Python39/Scripts/:/mnt/c/Users/Kevin/AppData/Local/Programs/Python/Python39/:/mnt/c/Users/Kevin/AppData/Local/Microsoft/WindowsApps:/mnt/c/Program Files/smartmontools/bin:/mnt/c/Users/Kevin/AppData/Local/Programs/Microsoft VS Code/bin:/mnt/c/Users/Kevin/AppData/Roaming/npm:/mnt/c/Users/Kevin/AppData/Local/GitHubDesktop/bin:/mnt/c/Users/Kevin/AppData/Local/Microsoft/WindowsApps:/mnt/c/Program Files/heroku/bin:/mnt/c/Users/Kevin/.dotnet/tools:/snap/bin:/home/qoobsweet/.rvm/bin:/home/qoobsweet/.rvm/bin

Yarn version: 
  1.22.10

Node version: 
  10.19.0

Platform: 
  linux x64

Trace: 
  SyntaxError: /home/qoobsweet/projects/EasyEvents/package.json: Unexpected token } in JSON at position 570
      at JSON.parse (<anonymous>)
      at /mnt/c/Users/Kevin/AppData/Roaming/npm/node_modules/yarn/lib/cli.js:1625:59
      at Generator.next (<anonymous>)
      at step (/mnt/c/Users/Kevin/AppData/Roaming/npm/node_modules/yarn/lib/cli.js:310:30)
      at /mnt/c/Users/Kevin/AppData/Roaming/npm/node_modules/yarn/lib/cli.js:321:13

npm manifest: 
  {
    "name": "lit-element-starter-ts",
    "version": "0.0.0",
    "description": "A simple web component",
    "main": "easy-events.js",
    "module": "easy-events.js",
    "type": "module",
    "scripts": {
      "build": "tsc",
      "build:watch": "tsc --watch",
      "lint": "npm run lint:lit-analyzer && npm run lint:eslint",
      "lint:eslint": "eslint 'src/**/*.ts'",
      "lint:lit-analyzer": "lit-analyzer",
      "format": "prettier src/* --write",
      "analyze": "wca analyze \"src/**/*.ts\" --outFile custom-elements.json",
      "serve": "es-dev-server --node-resolve --watch",
    },
    "keywords": [
      "web-components",
      "lit-element",
      "typescript"
    ],
    "author": "The Polymer Authors",
    "license": "BSD-3-Clause",
    "dependencies": {
      "lit-element": "^2.3.1"
    },
    "devDependencies": {
      "@11ty/eleventy": "^0.10.0",
      "@11ty/eleventy-plugin-syntaxhighlight": "^3.0.1",
      "@open-wc/testing": "^2.5.10",
      "@open-wc/testing-karma": "^3.3.11",
      "@rollup/plugin-replace": "^2.3.1",
      "@types/chai": "^4.2.11",
      "@types/mocha": "^7.0.2",
      "@typescript-eslint/eslint-plugin": "^2.27.0",
      "@typescript-eslint/parser": "^2.27.0",
      "chai": "^4.2.0",
      "deepmerge": "^4.2.2",
      "es-dev-server": "^1.46.1",
      "eslint": "^6.8.0",
      "karma": "^4.4.1",
      "karma-chai": "^0.1.0",
      "karma-mocha": "^1.3.0",
      "lit-analyzer": "^1.1.10",
      "mocha": "^7.1.1",
      "prettier": "^2.0.4",
      "rimraf": "^3.0.2",
      "rollup": "^1.32.1",
      "rollup-plugin-filesize": "^7.0.0",
      "rollup-plugin-node-resolve": "^5.2.0",
      "rollup-plugin-terser": "^5.3.0",
      "typescript": "^3.8.3",
      "web-component-analyzer": "^1.0.3"
    }
  }

yarn manifest: 
  No manifest

Lockfile: 
  No lockfile
